[22:08:15] [Server thread/INFO]: Starting minecraft server version 1.8.8
[22:08:15] [Server console handler/ERROR]: Exception handling console input
java.io.IOException: The handle is invalid
	at java.io.FileInputStream.readBytes(Native Method) ~[?:1.8.0_66]
	at java.io.FileInputStream.read(Unknown Source) ~[?:1.8.0_66]
	at java.io.BufferedInputStream.read1(Unknown Source) ~[?:1.8.0_66]
	at java.io.BufferedInputStream.read(Unknown Source) ~[?:1.8.0_66]
	at sun.nio.cs.StreamDecoder.readBytes(Unknown Source) ~[?:1.8.0_66]
	at sun.nio.cs.StreamDecoder.implRead(Unknown Source) ~[?:1.8.0_66]
	at sun.nio.cs.StreamDecoder.read(Unknown Source) ~[?:1.8.0_66]
	at java.io.InputStreamReader.read(Unknown Source) ~[?:1.8.0_66]
	at java.io.BufferedReader.fill(Unknown Source) ~[?:1.8.0_66]
	at java.io.BufferedReader.readLine(Unknown Source) ~[?:1.8.0_66]
	at java.io.BufferedReader.readLine(Unknown Source) ~[?:1.8.0_66]
	at ko$2.run(SourceFile:81) [minecraft_server.1.8.8.exe:?]
[22:08:15] [Server thread/INFO]: Loading properties
[22:08:15] [Server thread/INFO]: Default game type: SURVIVAL
[22:08:15] [Server thread/INFO]: Generating keypair
[22:08:15] [Server thread/INFO]: Starting Minecraft server on *:25565
[22:08:15] [Server thread/INFO]: Using default channel type
[22:08:15] [Server thread/INFO]: Preparing level "world"
[22:08:15] [Server thread/INFO]: Preparing start region for level 0
[22:08:16] [Server thread/INFO]: Preparing spawn area: 89%
[22:08:16] [Server thread/INFO]: Done (1,136s)! For help, type "help" or "?"
